SF:lib/domain/repo_data_model.dart
DA:16,1
DA:17,1
DA:33,1
DA:34,1
DA:43,1
DA:44,1
LF:6
LH:6
end_of_record
SF:lib/domain/repo_data_model.g.dart
DA:9,1
DA:10,1
DA:13,1
DA:14,1
DA:15,2
DA:16,1
DA:18,1
DA:19,3
DA:20,1
DA:27,0
DA:28,0
DA:29,0
DA:30,0
DA:33,1
DA:34,1
DA:37,1
DA:38,1
DA:39,2
DA:40,2
DA:41,2
DA:42,2
DA:43,2
DA:44,2
DA:46,2
DA:47,1
DA:48,2
DA:61,0
DA:62,0
DA:63,0
DA:64,0
DA:65,0
DA:66,0
DA:67,0
DA:68,0
DA:69,0
DA:70,0
DA:73,1
DA:74,1
DA:77,1
DA:78,1
DA:79,2
DA:86,0
DA:87,0
DA:88,0
LF:44
LH:27
end_of_record
SF:lib/main.dart
DA:10,4
DA:11,3
DA:14,0
DA:15,0
DA:19,1
DA:21,0
DA:23,0
DA:24,0
LF:8
LH:3
end_of_record
SF:lib/repository/http_client.dart
DA:4,3
LF:1
LH:1
end_of_record
SF:lib/presentation/search/search_page.dart
DA:11,1
DA:13,0
DA:17,0
DA:19,0
DA:21,0
DA:22,0
DA:24,0
DA:26,0
DA:30,0
DA:31,0
DA:32,0
DA:35,0
DA:37,0
DA:39,0
DA:40,0
DA:45,0
DA:48,0
DA:49,0
DA:52,0
DA:55,0
DA:56,0
DA:58,0
DA:59,0
DA:61,0
DA:62,0
DA:72,0
DA:74,0
DA:76,0
DA:78,0
DA:79,0
DA:83,0
DA:84,0
DA:85,0
DA:86,0
DA:87,0
DA:88,0
DA:90,0
DA:94,0
DA:95,0
DA:96,0
DA:100,0
DA:101,0
DA:102,0
DA:103,0
LF:44
LH:1
end_of_record
SF:lib/repository/data_repository.dart
DA:8,1
DA:12,1
DA:14,2
DA:16,2
DA:18,2
DA:20,1
LF:6
LH:6
end_of_record
SF:lib/theme/theme.dart
DA:4,0
DA:23,0
DA:28,0
DA:29,0
DA:34,0
DA:35,0
LF:6
LH:0
end_of_record
SF:lib/presentation/controller/controllers.dart
DA:9,0
DA:12,0
DA:13,0
DA:16,0
DA:17,0
DA:20,0
DA:21,0
DA:22,0
DA:23,0
LF:9
LH:0
end_of_record
SF:lib/presentation/detail/detail_page.dart
DA:10,0
DA:14,0
DA:17,0
DA:18,0
DA:19,0
DA:20,0
DA:23,0
DA:24,0
DA:26,0
DA:30,0
DA:31,0
DA:32,0
DA:33,0
DA:34,0
DA:35,0
DA:36,0
DA:37,0
DA:38,0
DA:40,0
DA:41,0
DA:44,0
DA:45,0
DA:49,0
DA:51,0
DA:52,0
DA:53,0
DA:56,0
DA:57,0
DA:58,0
DA:64,0
DA:65,0
DA:66,0
DA:67,0
DA:68,0
DA:69,0
DA:72,0
DA:76,0
DA:83,0
DA:90,0
DA:97,0
DA:114,0
DA:121,0
DA:123,0
DA:124,0
DA:125,0
DA:127,0
DA:130,0
DA:132,0
LF:48
LH:0
end_of_record
SF:lib/presentation/search/widget/user_icon_shimmer.dart
DA:6,2
DA:8,0
DA:10,0
DA:14,0
LF:4
LH:1
end_of_record
SF:lib/presentation/search/widget/list_item.dart
DA:10,0
DA:16,0
DA:23,0
DA:26,0
DA:27,0
DA:28,0
DA:30,0
DA:31,0
DA:34,0
DA:35,0
DA:38,0
DA:40,0
DA:41,0
DA:44,0
DA:45,0
DA:48,0
DA:49,0
DA:50,0
DA:51,0
DA:57,0
DA:58,0
LF:21
LH:0
end_of_record
SF:lib/presentation/search/widget/list_item_shimmer.dart
DA:6,1
DA:8,0
DA:10,0
DA:11,0
DA:15,0
DA:18,0
DA:19,0
DA:25,0
DA:26,0
DA:27,0
DA:29,0
DA:30,0
DA:33,0
DA:36,0
DA:37,0
DA:38,0
DA:40,0
DA:43,0
DA:47,0
DA:49,0
DA:50,0
DA:52,0
DA:61,0
DA:62,0
LF:24
LH:1
end_of_record
SF:lib/presentation/search/widget/result_count.dart
DA:6,0
DA:10,0
DA:12,0
DA:14,0
DA:16,0
DA:17,0
DA:18,0
DA:20,0
DA:21,0
LF:9
LH:0
end_of_record
